<?xml version="1.0" encoding="UTF-8"?>
<testng-results skipped="0" failed="0" total="1" passed="1">
  <reporter-output>
  </reporter-output>
  <suite name="Suite" duration-ms="311753" started-at="2017-07-01T12:58:11Z" finished-at="2017-07-01T13:03:22Z">
    <groups>
    </groups>
    <test name="Test" duration-ms="311753" started-at="2017-07-01T12:58:11Z" finished-at="2017-07-01T13:03:22Z">
      <class name="LeadReportOptimized.LeadValidationOptimized.LeadFlowTesting">
        <test-method status="PASS" signature="startTest()[pri:0, instance:LeadReportOptimized.LeadValidationOptimized.LeadFlowTesting@c57e0]" name="startTest" is-config="true" duration-ms="589" started-at="2017-07-01T18:28:11Z" finished-at="2017-07-01T18:28:11Z">
          <reporter-output>
          </reporter-output>
        </test-method> <!-- startTest -->
        <test-method status="PASS" signature="launch()[pri:0, instance:LeadReportOptimized.LeadValidationOptimized.LeadFlowTesting@c57e0]" name="launch" duration-ms="310678" started-at="2017-07-01T18:28:11Z" finished-at="2017-07-01T18:33:22Z">
          <reporter-output>
          </reporter-output>
        </test-method> <!-- launch -->
        <test-method status="PASS" signature="getResult(org.testng.ITestResult)[pri:0, instance:LeadReportOptimized.LeadValidationOptimized.LeadFlowTesting@c57e0]" name="getResult" is-config="true" duration-ms="16" started-at="2017-07-01T18:33:22Z" finished-at="2017-07-01T18:33:22Z">
          <params>
            <param index="0">
              <value>
                <![CDATA[[TestResult name=launch status=SUCCESS method=LeadFlowTesting.launch()[pri:0, instance:LeadReportOptimized.LeadValidationOptimized.LeadFlowTesting@c57e0] output={null}]]]>
              </value>
            </param>
          </params>
          <reporter-output>
          </reporter-output>
        </test-method> <!-- getResult -->
        <test-method status="PASS" signature="endReport()[pri:0, instance:LeadReportOptimized.LeadValidationOptimized.LeadFlowTesting@c57e0]" name="endReport" is-config="true" duration-ms="449" started-at="2017-07-01T18:33:22Z" finished-at="2017-07-01T18:33:22Z">
          <reporter-output>
          </reporter-output>
        </test-method> <!-- endReport -->
      </class> <!-- LeadReportOptimized.LeadValidationOptimized.LeadFlowTesting -->
    </test> <!-- Test -->
  </suite> <!-- Suite -->
</testng-results>
