<?xml version="1.0" encoding="UTF-8"?>
<!-- Generated by org.testng.reporters.JUnitXMLReporter -->
<testsuite hostname="Design" name="Test" tests="1" failures="1" timestamp="30 Jun 2017 14:30:25 GMT" time="45.931" errors="0">
  <testcase name="launch" time="45.39" classname="LeadReportOptimized.LeadValidationOptimized.LeadFlowTesting">
    <failure type="java.lang.RuntimeException" message="FAILED">
      <![CDATA[java.lang.RuntimeException: FAILED
	at LeadReportOptimized.LeadValidationOptimized.GenericWrappers2.takeSnap(GenericWrappers2.java:1108)
	at LeadReportOptimized.LeadValidationOptimized.GenericWrappers2.clickByXpathClickSelectCity(GenericWrappers2.java:878)
	at LeadReportOptimized.LeadValidationOptimized.LeadFlowTesting.launch(LeadFlowTesting.java:48)
... Removed 24 stack frames]]>
    </failure>
  </testcase> <!-- launch -->
</testsuite> <!-- Test -->
