<?xml version="1.0" encoding="UTF-8"?>
<testng-results skipped="0" failed="0" total="1" passed="1">
  <reporter-output>
  </reporter-output>
  <suite name="Default suite" duration-ms="423231" started-at="2017-07-26T10:19:41Z" finished-at="2017-07-26T10:26:44Z">
    <groups>
    </groups>
    <test name="Default test" duration-ms="423231" started-at="2017-07-26T10:19:41Z" finished-at="2017-07-26T10:26:44Z">
      <class name="ProjectOne.Lead.LeadFlowTesting">
        <test-method status="PASS" signature="startTest()[pri:0, instance:ProjectOne.Lead.LeadFlowTesting@1c24521]" name="startTest" is-config="true" duration-ms="1584" started-at="2017-07-26T15:49:41Z" finished-at="2017-07-26T15:49:42Z">
          <reporter-output>
          </reporter-output>
        </test-method> <!-- startTest -->
        <test-method status="PASS" signature="launch()[pri:0, instance:ProjectOne.Lead.LeadFlowTesting@1c24521]" name="launch" duration-ms="420977" started-at="2017-07-26T15:49:42Z" finished-at="2017-07-26T15:56:43Z">
          <reporter-output>
          </reporter-output>
        </test-method> <!-- launch -->
        <test-method status="PASS" signature="getResult(org.testng.ITestResult)[pri:0, instance:ProjectOne.Lead.LeadFlowTesting@1c24521]" name="getResult" is-config="true" duration-ms="4" started-at="2017-07-26T15:56:44Z" finished-at="2017-07-26T15:56:44Z">
          <params>
            <param index="0">
              <value>
                <![CDATA[[TestResult name=launch status=SUCCESS method=LeadFlowTesting.launch()[pri:0, instance:ProjectOne.Lead.LeadFlowTesting@1c24521] output={null}]]]>
              </value>
            </param>
          </params>
          <reporter-output>
          </reporter-output>
        </test-method> <!-- getResult -->
        <test-method status="PASS" signature="endReport()[pri:0, instance:ProjectOne.Lead.LeadFlowTesting@1c24521]" name="endReport" is-config="true" duration-ms="570" started-at="2017-07-26T15:56:44Z" finished-at="2017-07-26T15:56:44Z">
          <reporter-output>
          </reporter-output>
        </test-method> <!-- endReport -->
      </class> <!-- ProjectOne.Lead.LeadFlowTesting -->
    </test> <!-- Default test -->
  </suite> <!-- Default suite -->
</testng-results>
